2001.05.06 17:31 B c:\sotf\upload\public\side\bartender.jpg <-- frank.anarchyink.com /data/domains/thegamecrafter.com/sg/public/side bartender.jpg
2001.05.06 17:36 B c:\sotf\upload\public\side\blacksmith.jpg <-- frank.anarchyink.com /data/domains/thegamecrafter.com/sg/public/side blacksmith.jpg
2001.05.06 17:36 B c:\sotf\upload\public\side\geneticist.jpg <-- frank.anarchyink.com /data/domains/thegamecrafter.com/sg/public/side geneticist.jpg
2001.05.06 17:36 B c:\sotf\upload\public\side\library.jpg <-- frank.anarchyink.com /data/domains/thegamecrafter.com/sg/public/side library.jpg
2001.05.06 17:36 B c:\sotf\upload\public\side\market.jpg <-- frank.anarchyink.com /data/domains/thegamecrafter.com/sg/public/side market.jpg
2001.05.06 17:41 B c:\sotf\upload\public\side\petstore.jpg <-- frank.anarchyink.com /data/domains/thegamecrafter.com/sg/public/side petstore.jpg
2001.05.06 17:41 B c:\sotf\upload\public\side\repair.jpg <-- frank.anarchyink.com /data/domains/thegamecrafter.com/sg/public/side repair.jpg
2001.05.06 17:42 B c:\sotf\upload\public\side\slotmachine.jpg <-- frank.anarchyink.com /data/domains/thegamecrafter.com/sg/public/side slotmachine.jpg
2001.05.06 17:42 B c:\sotf\upload\public\side\tavern.jpg <-- frank.anarchyink.com /data/domains/thegamecrafter.com/sg/public/side tavern.jpg
2001.05.06 17:42 B c:\sotf\upload\public\side\tradedepot.jpg <-- frank.anarchyink.com /data/domains/thegamecrafter.com/sg/public/side tradedepot.jpg
2001.05.06 17:46 B c:\sotf\upload\public\side\bartender.jpg --> cancer.anarchyink.com /data/domains/thegamecrafter.com/sotf/public/side bartender.jpg
2001.05.06 17:46 B c:\sotf\upload\public\side\blacksmith.jpg --> cancer.anarchyink.com /data/domains/thegamecrafter.com/sotf/public/side blacksmith.jpg
2001.05.06 17:46 B c:\sotf\upload\public\side\geneticist.jpg --> cancer.anarchyink.com /data/domains/thegamecrafter.com/sotf/public/side geneticist.jpg
2001.05.06 17:46 B c:\sotf\upload\public\side\library.jpg --> cancer.anarchyink.com /data/domains/thegamecrafter.com/sotf/public/side library.jpg
2001.05.06 17:47 B c:\sotf\upload\public\side\market.jpg --> cancer.anarchyink.com /data/domains/thegamecrafter.com/sotf/public/side market.jpg
2001.05.06 17:47 B c:\sotf\upload\public\side\petstore.jpg --> cancer.anarchyink.com /data/domains/thegamecrafter.com/sotf/public/side petstore.jpg
2001.05.06 17:47 B c:\sotf\upload\public\side\repair.jpg --> cancer.anarchyink.com /data/domains/thegamecrafter.com/sotf/public/side repair.jpg
2001.05.06 17:47 B c:\sotf\upload\public\side\slotmachine.jpg --> cancer.anarchyink.com /data/domains/thegamecrafter.com/sotf/public/side slotmachine.jpg
2001.05.06 17:47 B c:\sotf\upload\public\side\tavern.jpg --> cancer.anarchyink.com /data/domains/thegamecrafter.com/sotf/public/side tavern.jpg
2001.05.06 17:47 B c:\sotf\upload\public\side\tradedepot.jpg --> cancer.anarchyink.com /data/domains/thegamecrafter.com/sotf/public/side tradedepot.jpg
2001.05.06 17:47 B c:\sotf\upload\public\side\WS_FTP.LOG --> cancer.anarchyink.com /data/domains/thegamecrafter.com/sotf/public/side WS_FTP.LOG
2001.05.20 17:41 B c:\sotf\upload\public\side\blacksmith.jpg --> cancer.anarchyink.com /data/domains/thegamecrafter.com/sotf/public/side blacksmith.jpg
