2001.05.06 17:39 B c:\sotf\upload\public\buy.gif <-- frank.anarchyink.com /data/domains/thegamecrafter.com/sg/public buy.gif
2001.05.06 17:39 B c:\sotf\upload\public\faq.shtml <-- frank.anarchyink.com /data/domains/thegamecrafter.com/sg/public faq.shtml
2001.05.06 17:39 B c:\sotf\upload\public\features.shtml <-- frank.anarchyink.com /data/domains/thegamecrafter.com/sg/public features.shtml
2001.05.06 17:39 B c:\sotf\upload\public\footer.include <-- frank.anarchyink.com /data/domains/thegamecrafter.com/sg/public footer.include
2001.05.06 17:39 B c:\sotf\upload\public\header.include <-- frank.anarchyink.com /data/domains/thegamecrafter.com/sg/public header.include
2001.05.06 17:40 B c:\sotf\upload\public\index.shtml <-- frank.anarchyink.com /data/domains/thegamecrafter.com/sg/public index.shtml
2001.05.06 17:40 B c:\sotf\upload\public\repair.gif <-- frank.anarchyink.com /data/domains/thegamecrafter.com/sg/public repair.gif
2001.05.06 17:40 B c:\sotf\upload\public\sell.gif <-- frank.anarchyink.com /data/domains/thegamecrafter.com/sg/public sell.gif
2001.05.06 17:40 B c:\sotf\upload\public\sotfGame.css <-- frank.anarchyink.com /data/domains/thegamecrafter.com/sg/public sotfGame.css
2001.05.06 17:40 B c:\sotf\upload\public\sotfSite.css <-- frank.anarchyink.com /data/domains/thegamecrafter.com/sg/public sotfSite.css
2001.05.06 17:40 B c:\sotf\upload\public\spacer.gif <-- frank.anarchyink.com /data/domains/thegamecrafter.com/sg/public spacer.gif
2001.05.06 17:40 B c:\sotf\upload\public\support.shtml <-- frank.anarchyink.com /data/domains/thegamecrafter.com/sg/public support.shtml
2001.05.06 17:49 B c:\sotf\upload\public\buy.gif --> cancer.anarchyink.com /data/domains/thegamecrafter.com/sotf/public buy.gif
2001.05.06 17:49 B c:\sotf\upload\public\faq.shtml --> cancer.anarchyink.com /data/domains/thegamecrafter.com/sotf/public faq.shtml
2001.05.06 17:49 B c:\sotf\upload\public\features.shtml --> cancer.anarchyink.com /data/domains/thegamecrafter.com/sotf/public features.shtml
2001.05.06 17:49 B c:\sotf\upload\public\footer.include --> cancer.anarchyink.com /data/domains/thegamecrafter.com/sotf/public footer.include
2001.05.06 17:49 B c:\sotf\upload\public\header.include --> cancer.anarchyink.com /data/domains/thegamecrafter.com/sotf/public header.include
2001.05.06 17:49 B c:\sotf\upload\public\index.shtml --> cancer.anarchyink.com /data/domains/thegamecrafter.com/sotf/public index.shtml
2001.05.06 17:49 B c:\sotf\upload\public\repair.gif --> cancer.anarchyink.com /data/domains/thegamecrafter.com/sotf/public repair.gif
2001.05.06 17:49 B c:\sotf\upload\public\sell.gif --> cancer.anarchyink.com /data/domains/thegamecrafter.com/sotf/public sell.gif
2001.05.06 17:49 B c:\sotf\upload\public\sotfGame.css --> cancer.anarchyink.com /data/domains/thegamecrafter.com/sotf/public sotfGame.css
2001.05.06 17:55 B c:\sotf\upload\public\buy.gif --> cancer.anarchyink.com /data/domains/thegamecrafter.com/sotf/public buy.gif
2001.05.06 17:55 B c:\sotf\upload\public\faq.shtml --> cancer.anarchyink.com /data/domains/thegamecrafter.com/sotf/public faq.shtml
2001.05.06 17:55 B c:\sotf\upload\public\features.shtml --> cancer.anarchyink.com /data/domains/thegamecrafter.com/sotf/public features.shtml
2001.05.06 17:55 B c:\sotf\upload\public\footer.include --> cancer.anarchyink.com /data/domains/thegamecrafter.com/sotf/public footer.include
2001.05.06 17:55 B c:\sotf\upload\public\header.include --> cancer.anarchyink.com /data/domains/thegamecrafter.com/sotf/public header.include
2001.05.06 17:55 B c:\sotf\upload\public\index.shtml --> cancer.anarchyink.com /data/domains/thegamecrafter.com/sotf/public index.shtml
2001.05.06 17:55 B c:\sotf\upload\public\repair.gif --> cancer.anarchyink.com /data/domains/thegamecrafter.com/sotf/public repair.gif
2001.05.06 17:55 B c:\sotf\upload\public\sell.gif --> cancer.anarchyink.com /data/domains/thegamecrafter.com/sotf/public sell.gif
2001.05.06 17:55 B c:\sotf\upload\public\sotfGame.css --> cancer.anarchyink.com /data/domains/thegamecrafter.com/sotf/public sotfGame.css
2001.05.06 17:57 B c:\sotf\upload\public\sotfSite.css --> cancer.anarchyink.com /data/domains/thegamecrafter.com/sotf/public sotfSite.css
2001.05.07 23:55 B c:\sotf\upload\public\support.shtml --> cancer.anarchyink.com /data/domains/thegamecrafter.com/sotf/public support.shtml
2001.05.10 22:45 B c:\sotf\upload\public\tgclogo.gif --> 10.0.0.254 /data/domains/thegamecrafter.com/sg/public tgclogo.gif
2001.05.10 23:45 B c:\sotf\upload\public\index.shtml <-- frank.anarchyink.com /data/domains/thegamecrafter.com/sg/public index.shtml
2001.05.10 23:48 B c:\sotf\upload\public\index.shtml --> cancer.anarchyink.com /data/domains/thegamecrafter.com/sotf/public index.shtml
2001.05.10 23:48 B c:\sotf\upload\public\tgclogo.gif --> cancer.anarchyink.com /data/domains/thegamecrafter.com/sotf/public tgclogo.gif
2001.05.14 20:25 B c:\sotf\upload\public\auction.gif --> 10.0.0.254 /data/domains/thegamecrafter.com/sg/public auction.gif
2001.05.14 20:25 B c:\sotf\upload\public\bid.gif --> 10.0.0.254 /data/domains/thegamecrafter.com/sg/public bid.gif
2001.05.14 23:39 B c:\sotf\upload\public\sotfGame.css <-- frank.anarchyink.com /data/domains/thegamecrafter.com/sg/public sotfGame.css
2001.05.14 23:49 B c:\sotf\upload\public\auction.gif --> cancer.anarchyink.com /data/domains/thegamecrafter.com/sotf/public auction.gif
2001.05.14 23:49 B c:\sotf\upload\public\bid.gif --> cancer.anarchyink.com /data/domains/thegamecrafter.com/sotf/public bid.gif
2001.05.14 23:49 B c:\sotf\upload\public\sotfGame.css --> cancer.anarchyink.com /data/domains/thegamecrafter.com/sotf/public sotfGame.css
2001.05.20 17:32 B c:\sotf\upload\public\faq.shtml <-- frank.anarchyink.com /data/domains/thegamecrafter.com/sg/public faq.shtml
2001.05.20 17:32 B c:\sotf\upload\public\features.shtml <-- frank.anarchyink.com /data/domains/thegamecrafter.com/sg/public features.shtml
2001.05.20 17:32 B c:\sotf\upload\public\freePlay.shtml <-- frank.anarchyink.com /data/domains/thegamecrafter.com/sg/public freePlay.shtml
2001.05.20 17:32 B c:\sotf\upload\public\header.include <-- frank.anarchyink.com /data/domains/thegamecrafter.com/sg/public header.include
2001.05.20 17:32 B c:\sotf\upload\public\index.shtml <-- frank.anarchyink.com /data/domains/thegamecrafter.com/sg/public index.shtml
2001.05.20 17:38 B c:\sotf\upload\public\nothim.jpg <-- frank.anarchyink.com /data/domains/thegamecrafter.com/sg/public nothim.jpg
2001.05.20 17:38 B c:\sotf\upload\public\payToPlay.shtml <-- frank.anarchyink.com /data/domains/thegamecrafter.com/sg/public payToPlay.shtml
2001.05.20 17:38 B c:\sotf\upload\public\prizes.shtml <-- frank.anarchyink.com /data/domains/thegamecrafter.com/sg/public prizes.shtml
2001.05.20 17:38 B c:\sotf\upload\public\sotf.css <-- frank.anarchyink.com /data/domains/thegamecrafter.com/sg/public sotf.css
2001.05.20 17:38 B c:\sotf\upload\public\support.shtml <-- frank.anarchyink.com /data/domains/thegamecrafter.com/sg/public support.shtml
2001.05.20 17:38 B c:\sotf\upload\public\thankyou.shtml <-- frank.anarchyink.com /data/domains/thegamecrafter.com/sg/public thankyou.shtml
2001.05.20 17:41 B c:\sotf\upload\public\faq.shtml --> cancer.anarchyink.com /data/domains/thegamecrafter.com/sotf/public faq.shtml
2001.05.20 17:41 B c:\sotf\upload\public\features.shtml --> cancer.anarchyink.com /data/domains/thegamecrafter.com/sotf/public features.shtml
2001.05.20 17:42 B c:\sotf\upload\public\freePlay.shtml --> cancer.anarchyink.com /data/domains/thegamecrafter.com/sotf/public freePlay.shtml
2001.05.20 17:42 B c:\sotf\upload\public\header.include --> cancer.anarchyink.com /data/domains/thegamecrafter.com/sotf/public header.include
2001.05.20 17:42 B c:\sotf\upload\public\index.shtml --> cancer.anarchyink.com /data/domains/thegamecrafter.com/sotf/public index.shtml
2001.05.20 17:42 B c:\sotf\upload\public\nothim.jpg --> cancer.anarchyink.com /data/domains/thegamecrafter.com/sotf/public nothim.jpg
2001.05.20 17:42 B c:\sotf\upload\public\payToPlay.shtml --> cancer.anarchyink.com /data/domains/thegamecrafter.com/sotf/public payToPlay.shtml
2001.05.20 17:42 B c:\sotf\upload\public\prizes.shtml --> cancer.anarchyink.com /data/domains/thegamecrafter.com/sotf/public prizes.shtml
2001.05.20 17:42 B c:\sotf\upload\public\sotf.css --> cancer.anarchyink.com /data/domains/thegamecrafter.com/sotf/public sotf.css
2001.05.20 17:42 B c:\sotf\upload\public\spacer.gif --> cancer.anarchyink.com /data/domains/thegamecrafter.com/sotf/public spacer.gif
2001.05.20 17:42 B c:\sotf\upload\public\support.shtml --> cancer.anarchyink.com /data/domains/thegamecrafter.com/sotf/public support.shtml
2001.05.20 17:42 B c:\sotf\upload\public\thankyou.shtml --> cancer.anarchyink.com /data/domains/thegamecrafter.com/sotf/public thankyou.shtml
